2026-03-10 01:08:13,516 - WARNING - ✗ Failed to connect: BrowserType.connect_over_cdp: connect ECONNREFUSED 127.0.0.1:9222
Call log:
  - <ws preparing> retrieving websocket url from http://127.0.0.1:9222

2026-03-10 01:08:13,517 - WARNING - Trying to launch Chrome...
2026-03-10 01:08:13,906 - INFO - ✓ Launched Chrome on port 9222
2026-03-10 01:08:16,211 - INFO - ✓ Navigated to nekto.me/chat/
2026-03-10 01:08:16,219 - INFO - ✓ Bot initialized
2026-03-10 01:08:16,220 - INFO - Amor-Bot запущен
2026-03-10 01:08:16,220 - INFO - → Starting new chat...
2026-03-10 01:08:16,225 - INFO - === КОМАНДЫ ===
2026-03-10 01:08:16,225 - INFO - /stop - Пауза, /start - Продолжить, /send <текст> - Отправить
2026-03-10 01:08:16,225 - INFO - /exit - Выйти, /skip - Пропустить чат
2026-03-10 01:08:16,259 - INFO - → Found chat start button: #searchCompanyBtn
2026-03-10 01:08:30,491 - INFO - → Sending: Привет
2026-03-10 01:08:34,821 - INFO - ← Received: Приветик01:08
2026-03-10 01:08:34,822 - INFO - → Sending: Сколько лет
2026-03-10 01:08:39,132 - INFO - ← Received: 15 01:08
2026-03-10 01:08:39,132 - DEBUG - Age check result: 15
2026-03-10 01:08:39,132 - CRITICAL - ⚠️ ОПАСНО: Возраст 15 вне диапазона 17-19
2026-03-10 01:08:39,132 - INFO - → Завершение чата (возраст не подошёл)
2026-03-10 01:08:44,292 - INFO - → Starting new chat...
2026-03-10 01:08:44,322 - INFO - ✓ Chat already active, 5 messages found
2026-03-10 01:08:44,331 - INFO - → Age question already sent
2026-03-10 01:08:44,340 - CRITICAL - ⚠️ ОПАСНО: Возраст 15 вне диапазона 17-19
2026-03-10 01:08:44,340 - INFO - → Завершение чата (возраст не подошёл)
2026-03-10 01:08:49,091 - INFO - → Starting new chat...
2026-03-10 01:08:49,132 - INFO - ✓ Chat already active, 7 messages found
2026-03-10 01:08:49,143 - INFO - → Age question already sent
2026-03-10 01:08:49,161 - CRITICAL - ⚠️ ОПАСНО: Возраст 15 вне диапазона 17-19
2026-03-10 01:08:49,161 - INFO - → Завершение чата (возраст не подошёл)
2026-03-10 01:08:53,792 - INFO - → Starting new chat...
2026-03-10 01:08:53,842 - INFO - ✓ Chat already active, 8 messages found
2026-03-10 01:08:53,855 - INFO - → Age question already sent
2026-03-10 01:08:53,870 - CRITICAL - ⚠️ ОПАСНО: Возраст 15 вне диапазона 17-19
2026-03-10 01:08:53,871 - INFO - → Завершение чата (возраст не подошёл)
2026-03-10 01:08:57,835 - WARNING - Failed to send goodbye: ElementHandle.click: Element is not attached to the DOM
Call log:
  - attempting click action
    2 × waiting for element to be visible, enabled and stable
      - element is visible, enabled and stable
      - scrolling into view if needed
      - done scrolling
      - <div role="application" class="emojionearea emojionearea-disable">…</div> intercepts pointer events
    - retrying click action
    - waiting 20ms
    2 × waiting for element to be visible, enabled and stable
      - element is visible, enabled and stable
      - scrolling into view if needed
      - done scrolling
      - <div role="application" class="emojionearea emojionearea-disable">…</div> intercepts pointer events
    - retrying click action
      - waiting 100ms
    7 × waiting for element to be visible, enabled and stable
      - element is visible, enabled and stable
      - scrolling into view if needed
      - done scrolling
      - <div role="application" class="emojionearea emojionearea-disable">…</div> intercepts pointer events
    - retrying click action
      - waiting 500ms
    - waiting for element to be visible, enabled and stable

2026-03-10 01:09:01,858 - INFO - → Starting new chat...
2026-03-10 01:09:05,952 - INFO - → Sending: Привет
2026-03-10 01:09:10,078 - INFO - ← Received: Привет 01:09
2026-03-10 01:09:10,079 - INFO - → Sending: Сколько лет
2026-03-10 01:09:15,566 - INFO - ← Received: 1901:09
2026-03-10 01:09:15,567 - DEBUG - Age check result: None
2026-03-10 01:09:18,233 - INFO - ← Received: Тебе?01:09
2026-03-10 01:09:18,233 - DEBUG - Age check result: None
2026-03-10 01:09:29,639 - INFO - ← Received: Что ищешь?01:09
2026-03-10 01:09:29,639 - DEBUG - Age check result: None
2026-03-10 01:10:01,110 - INFO - ← Received: Просто поболтать с кем-то хочу 01:10
2026-03-10 01:10:01,110 - DEBUG - Age check result: None
2026-03-10 01:10:19,153 - INFO - ← Received: Как день прошёл? 01:10
2026-03-10 01:10:19,153 - DEBUG - Age check result: None
2026-03-10 01:11:07,039 - INFO - ← Received: Оу, обидно, что не завелось 01:11
2026-03-10 01:11:07,039 - DEBUG - Age check result: None
2026-03-10 01:11:17,587 - INFO - ← Received: Но радует остальное) 01:11
2026-03-10 01:11:17,587 - DEBUG - Age check result: None
2026-03-10 01:11:49,656 - INFO - ← Received: При такой погоде – да, дубак прям ужас 01:11
2026-03-10 01:11:49,656 - DEBUG - Age check result: None
2026-03-10 01:12:10,665 - INFO - ← Received: А у нас сегодня очень тепло, машина завелась сразу 01:12
2026-03-10 01:12:10,665 - DEBUG - Age check result: None
2026-03-10 01:12:29,394 - INFO - ← Received: Донецк, а ты? 01:12
2026-03-10 01:12:29,394 - DEBUG - Age check result: None
2026-03-10 01:12:46,623 - INFO - ← Received: Ого, интересно01:12
2026-03-10 01:12:46,623 - DEBUG - Age check result: 12
2026-03-10 01:12:46,623 - CRITICAL - ⚠️ ОПАСНО: Возраст 12 вне диапазона 17-19
2026-03-10 01:12:46,623 - INFO - → Завершение чата (возраст не подошёл)
2026-03-10 01:12:51,675 - INFO - → Starting new chat...
2026-03-10 01:12:51,713 - INFO - ✓ Chat already active, 29 messages found
2026-03-10 01:12:51,720 - INFO - → Age question already sent
2026-03-10 01:12:51,762 - CRITICAL - ⚠️ ОПАСНО: Возраст 12 вне диапазона 17-19
2026-03-10 01:12:51,762 - INFO - → Завершение чата (возраст не подошёл)
2026-03-10 01:12:57,147 - INFO - → Starting new chat...
2026-03-10 01:12:57,184 - INFO - ✓ Chat already active, 31 messages found
2026-03-10 01:12:57,192 - INFO - → Age question already sent
2026-03-10 01:12:57,238 - CRITICAL - ⚠️ ОПАСНО: Возраст 12 вне диапазона 17-19
2026-03-10 01:12:57,239 - INFO - → Завершение чата (возраст не подошёл)
2026-03-10 01:13:01,840 - INFO - → Starting new chat...
2026-03-10 01:13:01,881 - INFO - ✓ Chat already active, 32 messages found
2026-03-10 01:13:01,889 - INFO - → Age question already sent
2026-03-10 01:13:01,936 - CRITICAL - ⚠️ ОПАСНО: Возраст 12 вне диапазона 17-19
2026-03-10 01:13:01,937 - INFO - → Завершение чата (возраст не подошёл)
2026-03-10 01:13:06,692 - INFO - → Starting new chat...
2026-03-10 01:13:06,731 - INFO - ✓ Chat already active, 33 messages found
2026-03-10 01:13:06,739 - INFO - → Age question already sent
2026-03-10 01:13:06,809 - CRITICAL - ⚠️ ОПАСНО: Возраст 12 вне диапазона 17-19
2026-03-10 01:13:06,809 - INFO - → Завершение чата (возраст не подошёл)
2026-03-10 01:13:36,832 - WARNING - Failed to send goodbye: ElementHandle.click: Timeout 30000ms exceeded.
Call log:
  - attempting click action
    2 × waiting for element to be visible, enabled and stable
      - element is visible, enabled and stable
      - scrolling into view if needed
      - done scrolling
      - <div role="application" class="emojionearea emojionearea-disable">…</div> intercepts pointer events
    - retrying click action
    - waiting 20ms
    2 × waiting for element to be visible, enabled and stable
      - element is visible, enabled and stable
      - scrolling into view if needed
      - done scrolling
      - <div role="application" class="emojionearea emojionearea-disable">…</div> intercepts pointer events
    - retrying click action
      - waiting 100ms
    58 × waiting for element to be visible, enabled and stable
       - element is visible, enabled and stable
       - scrolling into view if needed
       - done scrolling
       - <div role="application" class="emojionearea emojionearea-disable">…</div> intercepts pointer events
     - retrying click action
       - waiting 500ms

2026-03-10 01:13:40,849 - INFO - → Starting new chat...
2026-03-10 01:13:40,885 - INFO - ✓ Chat already active, 33 messages found
2026-03-10 01:13:40,893 - INFO - → Age question already sent
2026-03-10 01:13:40,931 - CRITICAL - ⚠️ ОПАСНО: Возраст 12 вне диапазона 17-19
2026-03-10 01:13:40,931 - INFO - → Завершение чата (возраст не подошёл)
2026-03-10 01:14:10,952 - WARNING - Failed to send goodbye: ElementHandle.click: Timeout 30000ms exceeded.
Call log:
  - attempting click action
    2 × waiting for element to be visible, enabled and stable
      - element is visible, enabled and stable
      - scrolling into view if needed
      - done scrolling
      - <div role="application" class="emojionearea emojionearea-disable">…</div> intercepts pointer events
    - retrying click action
    - waiting 20ms
    2 × waiting for element to be visible, enabled and stable
      - element is visible, enabled and stable
      - scrolling into view if needed
      - done scrolling
      - <div role="application" class="emojionearea emojionearea-disable">…</div> intercepts pointer events
    - retrying click action
      - waiting 100ms
    58 × waiting for element to be visible, enabled and stable
       - element is visible, enabled and stable
       - scrolling into view if needed
       - done scrolling
       - <div role="application" class="emojionearea emojionearea-disable">…</div> intercepts pointer events
     - retrying click action
       - waiting 500ms

2026-03-10 01:14:14,976 - INFO - → Starting new chat...
2026-03-10 01:14:15,032 - INFO - ✓ Chat already active, 33 messages found
2026-03-10 01:14:15,041 - INFO - → Age question already sent
2026-03-10 01:14:15,089 - CRITICAL - ⚠️ ОПАСНО: Возраст 12 вне диапазона 17-19
2026-03-10 01:14:15,089 - INFO - → Завершение чата (возраст не подошёл)
2026-03-10 01:14:45,105 - WARNING - Failed to send goodbye: ElementHandle.click: Timeout 30000ms exceeded.
Call log:
  - attempting click action
    2 × waiting for element to be visible, enabled and stable
      - element is visible, enabled and stable
      - scrolling into view if needed
      - done scrolling
      - <div role="application" class="emojionearea emojionearea-disable">…</div> intercepts pointer events
    - retrying click action
    - waiting 20ms
    2 × waiting for element to be visible, enabled and stable
      - element is visible, enabled and stable
      - scrolling into view if needed
      - done scrolling
      - <div role="application" class="emojionearea emojionearea-disable">…</div> intercepts pointer events
    - retrying click action
      - waiting 100ms
    58 × waiting for element to be visible, enabled and stable
       - element is visible, enabled and stable
       - scrolling into view if needed
       - done scrolling
       - <div role="application" class="emojionearea emojionearea-disable">…</div> intercepts pointer events
     - retrying click action
       - waiting 500ms

2026-03-10 01:14:49,123 - INFO - → Starting new chat...
2026-03-10 01:14:49,166 - INFO - ✓ Chat already active, 33 messages found
2026-03-10 01:14:49,173 - INFO - → Age question already sent
2026-03-10 01:14:49,211 - CRITICAL - ⚠️ ОПАСНО: Возраст 12 вне диапазона 17-19
2026-03-10 01:14:49,211 - INFO - → Завершение чата (возраст не подошёл)
2026-03-10 01:15:19,231 - WARNING - Failed to send goodbye: ElementHandle.click: Timeout 30000ms exceeded.
Call log:
  - attempting click action
    2 × waiting for element to be visible, enabled and stable
      - element is visible, enabled and stable
      - scrolling into view if needed
      - done scrolling
      - <div role="application" class="emojionearea emojionearea-disable">…</div> intercepts pointer events
    - retrying click action
    - waiting 20ms
    2 × waiting for element to be visible, enabled and stable
      - element is visible, enabled and stable
      - scrolling into view if needed
      - done scrolling
      - <div role="application" class="emojionearea emojionearea-disable">…</div> intercepts pointer events
    - retrying click action
      - waiting 100ms
    58 × waiting for element to be visible, enabled and stable
       - element is visible, enabled and stable
       - scrolling into view if needed
       - done scrolling
       - <div role="application" class="emojionearea emojionearea-disable">…</div> intercepts pointer events
     - retrying click action
       - waiting 500ms

2026-03-10 01:15:23,255 - INFO - → Starting new chat...
2026-03-10 01:15:23,296 - INFO - ✓ Chat already active, 33 messages found
2026-03-10 01:15:23,304 - INFO - → Age question already sent
2026-03-10 01:15:23,342 - CRITICAL - ⚠️ ОПАСНО: Возраст 12 вне диапазона 17-19
2026-03-10 01:15:23,342 - INFO - → Завершение чата (возраст не подошёл)
2026-03-10 01:15:53,359 - WARNING - Failed to send goodbye: ElementHandle.click: Timeout 30000ms exceeded.
Call log:
  - attempting click action
    2 × waiting for element to be visible, enabled and stable
      - element is visible, enabled and stable
      - scrolling into view if needed
      - done scrolling
      - <div role="application" class="emojionearea emojionearea-disable">…</div> intercepts pointer events
    - retrying click action
    - waiting 20ms
    2 × waiting for element to be visible, enabled and stable
      - element is visible, enabled and stable
      - scrolling into view if needed
      - done scrolling
      - <div role="application" class="emojionearea emojionearea-disable">…</div> intercepts pointer events
    - retrying click action
      - waiting 100ms
    58 × waiting for element to be visible, enabled and stable
       - element is visible, enabled and stable
       - scrolling into view if needed
       - done scrolling
       - <div role="application" class="emojionearea emojionearea-disable">…</div> intercepts pointer events
     - retrying click action
       - waiting 500ms

2026-03-10 01:15:57,383 - INFO - → Starting new chat...
2026-03-10 01:15:57,421 - INFO - ✓ Chat already active, 33 messages found
2026-03-10 01:15:57,429 - INFO - → Age question already sent
2026-03-10 01:15:57,478 - CRITICAL - ⚠️ ОПАСНО: Возраст 12 вне диапазона 17-19
2026-03-10 01:15:57,478 - INFO - → Завершение чата (возраст не подошёл)
2026-03-10 01:16:27,498 - WARNING - Failed to send goodbye: ElementHandle.click: Timeout 30000ms exceeded.
Call log:
  - attempting click action
    2 × waiting for element to be visible, enabled and stable
      - element is visible, enabled and stable
      - scrolling into view if needed
      - done scrolling
      - <div role="application" class="emojionearea emojionearea-disable">…</div> intercepts pointer events
    - retrying click action
    - waiting 20ms
    2 × waiting for element to be visible, enabled and stable
      - element is visible, enabled and stable
      - scrolling into view if needed
      - done scrolling
      - <div role="application" class="emojionearea emojionearea-disable">…</div> intercepts pointer events
    - retrying click action
      - waiting 100ms
    58 × waiting for element to be visible, enabled and stable
       - element is visible, enabled and stable
       - scrolling into view if needed
       - done scrolling
       - <div role="application" class="emojionearea emojionearea-disable">…</div> intercepts pointer events
     - retrying click action
       - waiting 500ms

2026-03-10 01:16:31,514 - INFO - → Starting new chat...
2026-03-10 01:16:31,556 - INFO - ✓ Chat already active, 33 messages found
2026-03-10 01:16:31,566 - INFO - → Age question already sent
2026-03-10 01:16:31,618 - CRITICAL - ⚠️ ОПАСНО: Возраст 12 вне диапазона 17-19
2026-03-10 01:16:31,619 - INFO - → Завершение чата (возраст не подошёл)
2026-03-10 01:17:01,644 - WARNING - Failed to send goodbye: ElementHandle.click: Timeout 30000ms exceeded.
Call log:
  - attempting click action
    2 × waiting for element to be visible, enabled and stable
      - element is visible, enabled and stable
      - scrolling into view if needed
      - done scrolling
      - <div role="application" class="emojionearea emojionearea-disable">…</div> intercepts pointer events
    - retrying click action
    - waiting 20ms
    2 × waiting for element to be visible, enabled and stable
      - element is visible, enabled and stable
      - scrolling into view if needed
      - done scrolling
      - <div role="application" class="emojionearea emojionearea-disable">…</div> intercepts pointer events
    - retrying click action
      - waiting 100ms
    58 × waiting for element to be visible, enabled and stable
       - element is visible, enabled and stable
       - scrolling into view if needed
       - done scrolling
       - <div role="application" class="emojionearea emojionearea-disable">…</div> intercepts pointer events
     - retrying click action
       - waiting 500ms

2026-03-10 01:17:05,667 - INFO - → Starting new chat...
2026-03-10 01:17:05,705 - INFO - ✓ Chat already active, 33 messages found
2026-03-10 01:17:05,712 - INFO - → Age question already sent
2026-03-10 01:17:05,756 - CRITICAL - ⚠️ ОПАСНО: Возраст 12 вне диапазона 17-19
2026-03-10 01:17:05,756 - INFO - → Завершение чата (возраст не подошёл)
2026-03-10 01:17:35,777 - WARNING - Failed to send goodbye: ElementHandle.click: Timeout 30000ms exceeded.
Call log:
  - attempting click action
    2 × waiting for element to be visible, enabled and stable
      - element is visible, enabled and stable
      - scrolling into view if needed
      - done scrolling
      - <div role="application" class="emojionearea emojionearea-disable">…</div> intercepts pointer events
    - retrying click action
    - waiting 20ms
    2 × waiting for element to be visible, enabled and stable
      - element is visible, enabled and stable
      - scrolling into view if needed
      - done scrolling
      - <div role="application" class="emojionearea emojionearea-disable">…</div> intercepts pointer events
    - retrying click action
      - waiting 100ms
    58 × waiting for element to be visible, enabled and stable
       - element is visible, enabled and stable
       - scrolling into view if needed
       - done scrolling
       - <div role="application" class="emojionearea emojionearea-disable">…</div> intercepts pointer events
     - retrying click action
       - waiting 500ms

2026-03-10 01:17:39,795 - INFO - → Starting new chat...
2026-03-10 01:17:39,834 - INFO - ✓ Chat already active, 33 messages found
2026-03-10 01:17:39,842 - INFO - → Age question already sent
2026-03-10 01:17:39,894 - CRITICAL - ⚠️ ОПАСНО: Возраст 12 вне диапазона 17-19
2026-03-10 01:17:39,894 - INFO - → Завершение чата (возраст не подошёл)
2026-03-10 01:18:09,917 - WARNING - Failed to send goodbye: ElementHandle.click: Timeout 30000ms exceeded.
Call log:
  - attempting click action
    2 × waiting for element to be visible, enabled and stable
      - element is visible, enabled and stable
      - scrolling into view if needed
      - done scrolling
      - <div role="application" class="emojionearea emojionearea-disable">…</div> intercepts pointer events
    - retrying click action
    - waiting 20ms
    2 × waiting for element to be visible, enabled and stable
      - element is visible, enabled and stable
      - scrolling into view if needed
      - done scrolling
      - <div role="application" class="emojionearea emojionearea-disable">…</div> intercepts pointer events
    - retrying click action
      - waiting 100ms
    57 × waiting for element to be visible, enabled and stable
       - element is visible, enabled and stable
       - scrolling into view if needed
       - done scrolling
       - <div role="application" class="emojionearea emojionearea-disable">…</div> intercepts pointer events
     - retrying click action
       - waiting 500ms

2026-03-10 01:18:13,935 - INFO - → Starting new chat...
2026-03-10 01:18:13,976 - INFO - ✓ Chat already active, 33 messages found
2026-03-10 01:18:13,986 - INFO - → Age question already sent
2026-03-10 01:18:14,044 - CRITICAL - ⚠️ ОПАСНО: Возраст 12 вне диапазона 17-19
2026-03-10 01:18:14,044 - INFO - → Завершение чата (возраст не подошёл)
2026-03-10 01:18:44,056 - WARNING - Failed to send goodbye: ElementHandle.click: Timeout 30000ms exceeded.
Call log:
  - attempting click action
    2 × waiting for element to be visible, enabled and stable
      - element is visible, enabled and stable
      - scrolling into view if needed
      - done scrolling
      - <div role="application" class="emojionearea emojionearea-disable">…</div> intercepts pointer events
    - retrying click action
    - waiting 20ms
    2 × waiting for element to be visible, enabled and stable
      - element is visible, enabled and stable
      - scrolling into view if needed
      - done scrolling
      - <div role="application" class="emojionearea emojionearea-disable">…</div> intercepts pointer events
    - retrying click action
      - waiting 100ms
    57 × waiting for element to be visible, enabled and stable
       - element is visible, enabled and stable
       - scrolling into view if needed
       - done scrolling
       - <div role="application" class="emojionearea emojionearea-disable">…</div> intercepts pointer events
     - retrying click action
       - waiting 500ms

2026-03-10 01:18:48,069 - INFO - → Starting new chat...
2026-03-10 01:18:48,106 - INFO - ✓ Chat already active, 33 messages found
2026-03-10 01:18:48,115 - INFO - → Age question already sent
2026-03-10 01:18:48,155 - CRITICAL - ⚠️ ОПАСНО: Возраст 12 вне диапазона 17-19
2026-03-10 01:18:48,155 - INFO - → Завершение чата (возраст не подошёл)
2026-03-10 01:19:18,179 - WARNING - Failed to send goodbye: ElementHandle.click: Timeout 30000ms exceeded.
Call log:
  - attempting click action
    2 × waiting for element to be visible, enabled and stable
      - element is visible, enabled and stable
      - scrolling into view if needed
      - done scrolling
      - <div role="application" class="emojionearea emojionearea-disable">…</div> intercepts pointer events
    - retrying click action
    - waiting 20ms
    2 × waiting for element to be visible, enabled and stable
      - element is visible, enabled and stable
      - scrolling into view if needed
      - done scrolling
      - <div role="application" class="emojionearea emojionearea-disable">…</div> intercepts pointer events
    - retrying click action
      - waiting 100ms
    58 × waiting for element to be visible, enabled and stable
       - element is visible, enabled and stable
       - scrolling into view if needed
       - done scrolling
       - <div role="application" class="emojionearea emojionearea-disable">…</div> intercepts pointer events
     - retrying click action
       - waiting 500ms

2026-03-10 01:19:22,203 - INFO - → Starting new chat...
2026-03-10 01:19:22,248 - INFO - ✓ Chat already active, 33 messages found
2026-03-10 01:19:22,258 - INFO - → Age question already sent
2026-03-10 01:19:22,311 - CRITICAL - ⚠️ ОПАСНО: Возраст 12 вне диапазона 17-19
2026-03-10 01:19:22,312 - INFO - → Завершение чата (возраст не подошёл)
2026-03-10 01:19:52,327 - WARNING - Failed to send goodbye: ElementHandle.click: Timeout 30000ms exceeded.
Call log:
  - attempting click action
    2 × waiting for element to be visible, enabled and stable
      - element is visible, enabled and stable
      - scrolling into view if needed
      - done scrolling
      - <div role="application" class="emojionearea emojionearea-disable">…</div> intercepts pointer events
    - retrying click action
    - waiting 20ms
    2 × waiting for element to be visible, enabled and stable
      - element is visible, enabled and stable
      - scrolling into view if needed
      - done scrolling
      - <div role="application" class="emojionearea emojionearea-disable">…</div> intercepts pointer events
    - retrying click action
      - waiting 100ms
    57 × waiting for element to be visible, enabled and stable
       - element is visible, enabled and stable
       - scrolling into view if needed
       - done scrolling
       - <div role="application" class="emojionearea emojionearea-disable">…</div> intercepts pointer events
     - retrying click action
       - waiting 500ms

2026-03-10 01:19:56,352 - INFO - → Starting new chat...
2026-03-10 01:19:56,392 - INFO - ✓ Chat already active, 33 messages found
2026-03-10 01:19:56,401 - INFO - → Age question already sent
2026-03-10 01:19:56,448 - CRITICAL - ⚠️ ОПАСНО: Возраст 12 вне диапазона 17-19
2026-03-10 01:19:56,449 - INFO - → Завершение чата (возраст не подошёл)
2026-03-10 01:20:26,480 - WARNING - Failed to send goodbye: ElementHandle.click: Timeout 30000ms exceeded.
Call log:
  - attempting click action
    2 × waiting for element to be visible, enabled and stable
      - element is visible, enabled and stable
      - scrolling into view if needed
      - done scrolling
      - <div role="application" class="emojionearea emojionearea-disable">…</div> intercepts pointer events
    - retrying click action
    - waiting 20ms
    2 × waiting for element to be visible, enabled and stable
      - element is visible, enabled and stable
      - scrolling into view if needed
      - done scrolling
      - <div role="application" class="emojionearea emojionearea-disable">…</div> intercepts pointer events
    - retrying click action
      - waiting 100ms
    58 × waiting for element to be visible, enabled and stable
       - element is visible, enabled and stable
       - scrolling into view if needed
       - done scrolling
       - <div role="application" class="emojionearea emojionearea-disable">…</div> intercepts pointer events
     - retrying click action
       - waiting 500ms

2026-03-10 01:20:30,500 - INFO - → Starting new chat...
2026-03-10 01:20:30,542 - INFO - ✓ Chat already active, 33 messages found
2026-03-10 01:20:30,550 - INFO - → Age question already sent
2026-03-10 01:20:30,587 - CRITICAL - ⚠️ ОПАСНО: Возраст 12 вне диапазона 17-19
2026-03-10 01:20:30,588 - INFO - → Завершение чата (возраст не подошёл)
2026-03-10 01:20:48,791 - ERROR - Context cleanup error: BrowserContext.close: Connection closed while reading from the driver
