2026-03-10 01:00:16,316 - WARNING - ✗ Failed to connect: BrowserType.connect_over_cdp: connect ECONNREFUSED 127.0.0.1:9222
Call log:
  - <ws preparing> retrieving websocket url from http://127.0.0.1:9222

2026-03-10 01:00:16,317 - WARNING - Trying to launch Chrome...
2026-03-10 01:00:16,696 - INFO - ✓ Launched Chrome on port 9222
2026-03-10 01:00:19,045 - INFO - ✓ Navigated to nekto.me/chat/
2026-03-10 01:00:19,054 - INFO - ✓ Bot initialized
2026-03-10 01:00:19,054 - INFO - Amor-Bot запущен
2026-03-10 01:00:19,054 - INFO - → Starting new chat...
2026-03-10 01:00:19,058 - INFO - === КОМАНДЫ ===
2026-03-10 01:00:19,059 - INFO - /stop - Пауза, /start - Продолжить, /send <текст> - Отправить
2026-03-10 01:00:19,059 - INFO - /exit - Выйти, /skip - Пропустить чат
2026-03-10 01:00:19,102 - INFO - → Found chat start button: #searchCompanyBtn
2026-03-10 01:00:28,289 - INFO - → Sending: Привет
2026-03-10 01:00:34,716 - ERROR - ✗ Ошибка: Page.query_selector_all: Target page, context or browser has been closed
Traceback (most recent call last):
  File "c:\Users\Hunter\Documents\Code\AGM\CHat\bot.py", line 530, in run
    await self.handle_conversation()
  File "c:\Users\Hunter\Documents\Code\AGM\CHat\bot.py", line 324, in handle_conversation
    outgoing_msgs = await self.page.query_selector_all(SELECTORS["outgoing_msg"])
                    ^^^^^^^^^^^^^^^^^^^^^^^^^^^^^^^^^^^^^^^^^^^^^^^^^^^^^^^^^^^^^
  File "C:\Users\Hunter\AppData\Local\Programs\Python\Python314\Lib\site-packages\playwright\async_api\_generated.py", line 8160, in query_selector_all
    await self._impl_obj.query_selector_all(selector=selector)
  File "C:\Users\Hunter\AppData\Local\Programs\Python\Python314\Lib\site-packages\playwright\_impl\_page.py", line 410, in query_selector_all
    return await self._main_frame.query_selector_all(selector)
           ^^^^^^^^^^^^^^^^^^^^^^^^^^^^^^^^^^^^^^^^^^^^^^^^^^^
  File "C:\Users\Hunter\AppData\Local\Programs\Python\Python314\Lib\site-packages\playwright\_impl\_frame.py", line 355, in query_selector_all
    await self._channel.send(
    ^^^^^^^^^^^^^^^^^^^^^^^^^
        "querySelectorAll", None, dict(selector=selector)
        ^^^^^^^^^^^^^^^^^^^^^^^^^^^^^^^^^^^^^^^^^^^^^^^^^
    ),
    ^
  File "C:\Users\Hunter\AppData\Local\Programs\Python\Python314\Lib\site-packages\playwright\_impl\_connection.py", line 69, in send
    return await self._connection.wrap_api_call(
           ^^^^^^^^^^^^^^^^^^^^^^^^^^^^^^^^^^^^^
    ...<3 lines>...
    )
    ^
  File "C:\Users\Hunter\AppData\Local\Programs\Python\Python314\Lib\site-packages\playwright\_impl\_connection.py", line 559, in wrap_api_call
    raise rewrite_error(error, f"{parsed_st['apiName']}: {error}") from None
playwright._impl._errors.TargetClosedError: Page.query_selector_all: Target page, context or browser has been closed
2026-03-10 01:00:34,717 - INFO - ✓ Context closed
