2026-03-10 01:20:50,824 - WARNING - ✗ Failed to connect: BrowserType.connect_over_cdp: connect ECONNREFUSED 127.0.0.1:9222
Call log:
  - <ws preparing> retrieving websocket url from http://127.0.0.1:9222

2026-03-10 01:20:50,825 - WARNING - Trying to launch Chrome...
2026-03-10 01:20:51,208 - INFO - ✓ Launched Chrome on port 9222
2026-03-10 01:20:53,908 - INFO - ✓ Navigated to nekto.me/chat/
2026-03-10 01:20:53,917 - INFO - ✓ Bot initialized
2026-03-10 01:20:53,918 - INFO - Amor-Bot запущен
2026-03-10 01:20:53,918 - INFO - → Starting new chat...
2026-03-10 01:20:53,930 - INFO - === КОМАНДЫ ===
2026-03-10 01:20:53,930 - INFO - /stop - Пауза, /start - Продолжить, /send <текст> - Отправить
2026-03-10 01:20:53,930 - INFO - /exit - Выйти, /skip - Пропустить чат
2026-03-10 01:20:53,963 - INFO - → Found chat start button: #searchCompanyBtn
2026-03-10 01:20:53,963 - INFO - → Clearing all memory before new chat
2026-03-10 01:20:53,964 - DEBUG - Cleared observer history
2026-03-10 01:20:53,964 - DEBUG - Cleared brain context
2026-03-10 01:21:08,213 - INFO - → Sending: Привет
2026-03-10 01:21:12,814 - INFO - ← Received: привет 01:21
2026-03-10 01:21:12,815 - INFO - → Sending: Сколько лет
2026-03-10 01:21:17,722 - INFO - ← Received: 1701:21
2026-03-10 01:21:17,722 - DEBUG - Age check result: None
2026-03-10 01:21:51,999 - INFO - ← Received: а тебе 01:21
2026-03-10 01:21:51,999 - DEBUG - Age check result: None
2026-03-10 01:22:04,743 - INFO - ← Received: как зовут 01:22
2026-03-10 01:22:04,743 - DEBUG - Age check result: None
2026-03-10 01:22:12,606 - INFO - ← Received: крас01:22
2026-03-10 01:22:12,606 - DEBUG - Age check result: 22
2026-03-10 01:22:12,606 - CRITICAL - ⚠️ ОПАСНО: Возраст 22 вне диапазона 17-19
2026-03-10 01:22:12,606 - INFO - → Завершение чата (возраст не подошёл)
2026-03-10 01:22:13,659 - INFO - → All memory cleared
2026-03-10 01:22:18,200 - INFO - → Starting new chat...
2026-03-10 01:22:18,245 - INFO - ✓ Chat already active, 11 messages found
2026-03-10 01:22:18,257 - INFO - → Age question already sent
2026-03-10 01:22:18,263 - CRITICAL - ⚠️ ОПАСНО: Возраст 22 вне диапазона 17-19
2026-03-10 01:22:18,264 - INFO - → Завершение чата (возраст не подошёл)
2026-03-10 01:22:28,528 - ERROR - Context cleanup error: BrowserContext.close: Connection closed while reading from the driver
