2026-03-10 01:25:01,450 - WARNING - ✗ Failed to connect: BrowserType.connect_over_cdp: connect ECONNREFUSED 127.0.0.1:9222
Call log:
  - <ws preparing> retrieving websocket url from http://127.0.0.1:9222

2026-03-10 01:25:01,451 - WARNING - Trying to launch Chrome...
2026-03-10 01:25:01,830 - INFO - ✓ Launched Chrome on port 9222
2026-03-10 01:25:04,406 - INFO - ✓ Navigated to nekto.me/chat/
2026-03-10 01:25:04,414 - INFO - ✓ Bot initialized
2026-03-10 01:25:04,414 - INFO - Amor-Bot запущен
2026-03-10 01:25:04,414 - INFO - → Starting new chat...
2026-03-10 01:25:04,418 - INFO - === КОМАНДЫ ===
2026-03-10 01:25:04,419 - INFO - /stop - Пауза, /start - Продолжить, /send <текст> - Отправить
2026-03-10 01:25:04,419 - INFO - /exit - Выйти, /skip - Пропустить чат
2026-03-10 01:25:04,452 - INFO - → Found chat start button: #searchCompanyBtn
2026-03-10 01:25:04,453 - INFO - → Clearing all memory before new chat
2026-03-10 01:25:04,453 - DEBUG - Cleared observer history
2026-03-10 01:25:04,453 - DEBUG - Cleared brain context
2026-03-10 01:25:08,550 - INFO - → Sending: Привет
2026-03-10 01:25:11,383 - INFO - ← Received: Привет 01:25
2026-03-10 01:25:11,383 - INFO - → Sending: Сколько лет
2026-03-10 01:25:13,022 - INFO - ← Received: Сколько лет?01:25
2026-03-10 01:25:13,022 - DEBUG - Age check result: None
2026-03-10 01:25:18,472 - INFO - ← Received: 18 будет01:25
2026-03-10 01:25:18,473 - DEBUG - Age check result: 18
2026-03-10 01:25:18,473 - INFO - ✓ Возраст 18 в норме (17-19)
2026-03-10 01:25:18,473 - INFO - → Manual control enabled
2026-03-10 01:27:42,144 - ERROR - Context cleanup error: BrowserContext.close: Connection closed while reading from the driver
