2026-03-10 00:57:37,071 - WARNING - ✗ Failed to connect: BrowserType.connect_over_cdp: connect ECONNREFUSED 127.0.0.1:9222
Call log:
  - <ws preparing> retrieving websocket url from http://127.0.0.1:9222

2026-03-10 00:57:37,071 - WARNING - Trying to launch Chrome...
2026-03-10 00:57:37,412 - INFO - ✓ Launched Chrome on port 9222
2026-03-10 00:57:39,995 - INFO - ✓ Navigated to nekto.me/chat/
2026-03-10 00:57:40,003 - INFO - ✓ Bot initialized
2026-03-10 00:57:40,003 - INFO - Amor-Bot запущен
2026-03-10 00:57:40,003 - INFO - → Starting new chat...
2026-03-10 00:57:40,007 - INFO - === КОМАНДЫ ===
2026-03-10 00:57:40,007 - INFO - /stop - Пауза, /start - Продолжить, /send <текст> - Отправить
2026-03-10 00:57:40,007 - INFO - /exit - Выйти, /skip - Пропустить чат
2026-03-10 00:57:40,054 - INFO - → Found chat start button: #searchCompanyBtn
2026-03-10 00:57:50,281 - INFO - → Sending: Привет
2026-03-10 00:57:54,029 - INFO - ← Received: Привет 00:57
2026-03-10 00:57:54,029 - INFO - → Sending: Сколько лет
2026-03-10 00:57:55,131 - INFO - → Chat ended by interlocutor
2026-03-10 00:57:57,136 - INFO - → Starting new chat...
2026-03-10 00:57:57,179 - INFO - ✓ Chat already active, 3 messages found
2026-03-10 00:57:57,191 - INFO - → Age question already sent
2026-03-10 00:57:57,198 - INFO - → Waiting for age response...
2026-03-10 00:57:57,199 - DEBUG - Cleared observer history
2026-03-10 00:57:57,260 - INFO - ← Received: Привет 00:57
2026-03-10 00:57:57,260 - INFO - → Manual control enabled
2026-03-10 00:58:12,498 - ERROR - Context cleanup error: BrowserContext.close: Connection closed while reading from the driver
