2026-03-10 12:12:00,087 - WARNING - ✗ Failed to connect: BrowserType.connect_over_cdp: connect ECONNREFUSED 127.0.0.1:9222
Call log:
  - <ws preparing> retrieving websocket url from http://127.0.0.1:9222

2026-03-10 12:12:00,088 - WARNING - Trying to launch Chrome...
2026-03-10 12:12:00,421 - INFO - ✓ Launched Chrome on port 9222
2026-03-10 12:12:03,365 - INFO - ✓ Navigated to nekto.me/chat/
2026-03-10 12:12:03,375 - INFO - ✓ Bot initialized
2026-03-10 12:12:03,375 - INFO - Amor-Bot запущен
2026-03-10 12:12:03,376 - INFO - → Starting new chat...
2026-03-10 12:12:03,387 - INFO - === КОМАНДЫ ===
2026-03-10 12:12:03,387 - INFO - /stop - Пауза, /start - Продолжить, /send <текст> - Отправить
2026-03-10 12:12:03,387 - INFO - /exit - Выйти, /skip - Пропустить чат
2026-03-10 12:12:03,434 - INFO - → Found chat start button: #searchCompanyBtn
2026-03-10 12:12:03,435 - INFO - → Clearing all memory before new chat
2026-03-10 12:12:03,435 - DEBUG - Cleared observer history
2026-03-10 12:12:03,435 - DEBUG - Cleared brain context
2026-03-10 12:12:43,252 - INFO - → Sending: Привет
2026-03-10 12:12:50,094 - INFO - ← Received: сап12:12
2026-03-10 12:12:50,095 - INFO - → Sending: Сколько лет
2026-03-10 12:12:54,066 - INFO - ← Received: 1212:12
2026-03-10 12:12:54,066 - DEBUG - Age check result: 12
2026-03-10 12:12:54,066 - CRITICAL - ⚠️ ОПАСНО: Возраст 12 вне диапазона 17-19
2026-03-10 12:12:54,067 - INFO - → Завершение чата (возраст не подошёл)
2026-03-10 12:12:55,255 - INFO - → All memory cleared
2026-03-10 12:12:59,776 - INFO - → Starting new chat...
2026-03-10 12:12:59,808 - INFO - ✓ Chat already active, 5 messages found
2026-03-10 12:12:59,817 - INFO - → Age question already sent
2026-03-10 12:12:59,821 - CRITICAL - ⚠️ ОПАСНО: Возраст 12 вне диапазона 17-19
2026-03-10 12:12:59,822 - INFO - → Завершение чата (возраст не подошёл)
2026-03-10 12:13:01,036 - INFO - → All memory cleared
2026-03-10 12:13:05,053 - INFO - → Starting new chat...
2026-03-10 12:13:05,088 - INFO - ✓ Chat already active, 7 messages found
2026-03-10 12:13:05,097 - INFO - → Age question already sent
2026-03-10 12:13:05,101 - INFO - → Waiting for age response...
2026-03-10 12:13:05,102 - DEBUG - Cleared observer history
2026-03-10 12:13:05,203 - INFO - ← Received: сап12:12
2026-03-10 12:13:05,203 - DEBUG - Age check result: None
2026-03-10 12:13:05,203 - INFO - ← Received: 1212:12
2026-03-10 12:13:05,203 - DEBUG - Age check result: 12
2026-03-10 12:13:05,203 - CRITICAL - ⚠️ ОПАСНО: Возраст 12 вне диапазона 17-19
2026-03-10 12:13:05,204 - INFO - → Завершение чата (возраст не подошёл)
2026-03-10 12:13:35,732 - WARNING - Failed to send goodbye: ElementHandle.click: Timeout 30000ms exceeded.
Call log:
  - attempting click action
    2 × waiting for element to be visible, enabled and stable
      - element is visible, enabled and stable
      - scrolling into view if needed
      - done scrolling
      - <div role="application" class="emojionearea emojionearea-disable">…</div> intercepts pointer events
    - retrying click action
    - waiting 20ms
    2 × waiting for element to be visible, enabled and stable
      - element is visible, enabled and stable
      - scrolling into view if needed
      - done scrolling
      - <div role="application" class="emojionearea emojionearea-disable">…</div> intercepts pointer events
    - retrying click action
      - waiting 100ms
    57 × waiting for element to be visible, enabled and stable
       - element is visible, enabled and stable
       - scrolling into view if needed
       - done scrolling
       - <div role="application" class="emojionearea emojionearea-disable">…</div> intercepts pointer events
     - retrying click action
       - waiting 500ms

2026-03-10 12:13:35,733 - INFO - → All memory cleared
2026-03-10 12:13:37,735 - INFO - ← Received: пока12:13
2026-03-10 12:13:40,250 - INFO - → Starting new chat...
2026-03-10 12:13:40,282 - INFO - ✓ Chat already active, 7 messages found
2026-03-10 12:13:40,289 - INFO - → Age question already sent
2026-03-10 12:13:40,293 - INFO - → Waiting for age response...
2026-03-10 12:13:40,294 - DEBUG - Cleared observer history
2026-03-10 12:13:40,392 - INFO - ← Received: сап12:12
2026-03-10 12:13:40,392 - DEBUG - Age check result: None
2026-03-10 12:13:40,392 - INFO - ← Received: 1212:12
2026-03-10 12:13:40,392 - DEBUG - Age check result: 12
2026-03-10 12:13:40,392 - CRITICAL - ⚠️ ОПАСНО: Возраст 12 вне диапазона 17-19
2026-03-10 12:13:40,393 - INFO - → Завершение чата (возраст не подошёл)
2026-03-10 12:14:07,687 - WARNING - Failed to send goodbye: ElementHandle.click: Element is not attached to the DOM
Call log:
  - attempting click action
    2 × waiting for element to be visible, enabled and stable
      - element is visible, enabled and stable
      - scrolling into view if needed
      - done scrolling
      - <div role="application" class="emojionearea emojionearea-disable">…</div> intercepts pointer events
    - retrying click action
    - waiting 20ms
    2 × waiting for element to be visible, enabled and stable
      - element is visible, enabled and stable
      - scrolling into view if needed
      - done scrolling
      - <div role="application" class="emojionearea emojionearea-disable">…</div> intercepts pointer events
    - retrying click action
      - waiting 100ms
    50 × waiting for element to be visible, enabled and stable
       - element is visible, enabled and stable
       - scrolling into view if needed
       - done scrolling
       - <div role="application" class="emojionearea emojionearea-disable">…</div> intercepts pointer events
     - retrying click action
       - waiting 500ms
    - waiting for" https://nekto.me/chat/" navigation to finish...
    - navigated to "https://nekto.me/chat/"
    - waiting for element to be visible, enabled and stable

2026-03-10 12:14:07,687 - INFO - → All memory cleared
2026-03-10 12:14:09,692 - INFO - ← Received: пока12:13
2026-03-10 12:14:12,219 - INFO - → Starting new chat...
2026-03-10 12:15:45,915 - INFO - → Starting new chat...
2026-03-10 12:17:19,461 - INFO - → Starting new chat...
2026-03-10 12:18:53,005 - INFO - → Starting new chat...
2026-03-10 12:20:26,680 - INFO - → Starting new chat...
2026-03-10 12:21:59,955 - ERROR - Context cleanup error: BrowserContext.close: Connection closed while reading from the driver
