2026-03-10 01:24:35,424 - WARNING - ✗ Failed to connect: BrowserType.connect_over_cdp: connect ECONNREFUSED 127.0.0.1:9222
Call log:
  - <ws preparing> retrieving websocket url from http://127.0.0.1:9222

2026-03-10 01:24:35,424 - WARNING - Trying to launch Chrome...
2026-03-10 01:24:35,813 - INFO - ✓ Launched Chrome on port 9222
2026-03-10 01:24:38,399 - INFO - ✓ Navigated to nekto.me/chat/
2026-03-10 01:24:38,407 - INFO - ✓ Bot initialized
2026-03-10 01:24:38,407 - INFO - Amor-Bot запущен
2026-03-10 01:24:38,407 - INFO - → Starting new chat...
2026-03-10 01:24:38,412 - INFO - === КОМАНДЫ ===
2026-03-10 01:24:38,412 - INFO - /stop - Пауза, /start - Продолжить, /send <текст> - Отправить
2026-03-10 01:24:38,412 - INFO - /exit - Выйти, /skip - Пропустить чат
2026-03-10 01:24:38,447 - INFO - → Found chat start button: #searchCompanyBtn
2026-03-10 01:24:38,447 - INFO - → Clearing all memory before new chat
2026-03-10 01:24:38,447 - DEBUG - Cleared observer history
2026-03-10 01:24:38,447 - DEBUG - Cleared brain context
2026-03-10 01:24:42,562 - INFO - → Sending: Привет
2026-03-10 01:24:44,441 - INFO - ← Received: Привет, сколько тебе лет?01:24
2026-03-10 01:24:44,441 - INFO - → Sending: Сколько лет
2026-03-10 01:24:55,431 - INFO - → Chat is no longer active
2026-03-10 01:24:55,431 - INFO - → All memory cleared
2026-03-10 01:24:57,447 - INFO - → Starting new chat...
2026-03-10 01:24:57,475 - INFO - ✓ Chat already active, 4 messages found
2026-03-10 01:24:57,483 - INFO - → Age question already sent
2026-03-10 01:24:57,488 - INFO - → Waiting for age response...
2026-03-10 01:24:57,488 - DEBUG - Cleared observer history
2026-03-10 01:24:57,574 - INFO - ← Received: Привет, сколько тебе лет?01:24
2026-03-10 01:24:57,574 - DEBUG - Age check result: None
2026-03-10 01:24:58,102 - INFO - → Chat is no longer active
2026-03-10 01:24:58,103 - INFO - → All memory cleared
2026-03-10 01:24:59,601 - INFO - ✓ Context closed
